mode: set
github.com/7h3-3mp7y-m4n/atlas/internal/db/db.go:19.51,23.29 2 1
github.com/7h3-3mp7y-m4n/atlas/internal/db/db.go:23.29,25.4 1 0
github.com/7h3-3mp7y-m4n/atlas/internal/db/db.go:27.2,28.16 2 1
github.com/7h3-3mp7y-m4n/atlas/internal/db/db.go:28.16,30.3 1 0
github.com/7h3-3mp7y-m4n/atlas/internal/db/db.go:31.2,32.16 2 1
github.com/7h3-3mp7y-m4n/atlas/internal/db/db.go:32.16,34.3 1 0
github.com/7h3-3mp7y-m4n/atlas/internal/db/db.go:35.2,38.21 4 1
github.com/7h3-3mp7y-m4n/atlas/internal/db/db.go:40.31,45.2 1 1
github.com/7h3-3mp7y-m4n/atlas/internal/db/db.go:47.29,49.16 2 1
github.com/7h3-3mp7y-m4n/atlas/internal/db/db.go:49.16,51.3 1 0
github.com/7h3-3mp7y-m4n/atlas/internal/db/db.go:52.2,52.22 1 1
github.com/7h3-3mp7y-m4n/atlas/internal/db/db.go:55.47,57.16 2 1
github.com/7h3-3mp7y-m4n/atlas/internal/db/db.go:57.16,59.3 1 0
github.com/7h3-3mp7y-m4n/atlas/internal/db/db.go:60.2,62.31 3 1
github.com/7h3-3mp7y-m4n/atlas/internal/db/db.go:65.66,67.16 2 1
github.com/7h3-3mp7y-m4n/atlas/internal/db/db.go:67.16,72.3 1 0
github.com/7h3-3mp7y-m4n/atlas/internal/db/db.go:74.2,79.47 4 1
github.com/7h3-3mp7y-m4n/atlas/internal/db/db.go:79.47,84.3 1 0
github.com/7h3-3mp7y-m4n/atlas/internal/db/db.go:86.2,94.3 1 1
